[18:53:46] Vision: ape/sdbullion
[18:53:46]   ✓ age/jmbullion: $5377.51 [high] — 1-9 qty eCheck/Wire price
[18:53:46] Vision: buffalo/apmex
[18:53:47]   ⚠ ape/herobullion: OUT OF STOCK — Unavailable text and Notify me button
[18:53:47] Vision: buffalo/bullionexchanges
[18:53:47]   ✓ ape/jmbullion: $2467.19 [high] — 1-9 quantity row, eCheck/Wire column
[18:53:47] Vision: buffalo/herobullion
[18:53:48]   ✓ ape/sdbullion: $2419.49 [high] — 1-unit wire row
[18:53:48] Vision: buffalo/jmbullion
[18:53:48]   ✓ buffalo/apmex: $5474.09 [high] — 1-9 quantity Check/Wire price
[18:53:48] Vision: maple-silver/apmex
[18:53:49]   ✓ buffalo/bullionexchanges: $5376.73 [high] — 1-4 unit (E)check/Wire price
[18:53:49] Vision: maple-silver/bullionexchanges
[18:53:49]   ⚠ buffalo/herobullion: OUT OF STOCK — Presale badge, 'Pre Order' button, and 'Available to Ship On or Around Mar 16, 2026'
[18:53:49] Vision: maple-silver/herobullion
[18:53:49]   ✓ maple-silver/apmex: $95.58 [high] — 1-24 quantity Check/Wire price
[18:53:49] Vision: maple-silver/jmbullion
[18:53:50]   ✓ buffalo/jmbullion: $5519.51 [high] — 1-9 quantity row, eCheck/Wire column
[18:53:50] Vision: maple-gold/apmex
[18:53:51]   ✓ maple-silver/bullionexchanges: $89.26 [high] — 1-24 unit (E)check/Wire price
[18:53:51] Vision: maple-gold/bullionexchanges
[18:53:51]   ✓ maple-silver/jmbullion: $91.68 [high] — 1-unit wire row
[18:53:51] Vision: maple-gold/herobullion
[18:53:51]   ✓ maple-silver/herobullion: $93 [high] — 1-19 quantity tier, wire/check price
[18:53:51] Vision: maple-gold/jmbullion
[18:53:52]   ✓ maple-gold/apmex: $5249.09 [high] — 1-9 quantity Check/Wire price
[18:53:52] Vision: maple-gold/sdbullion
[18:53:52]   ✓ maple-gold/bullionexchanges: $5205.19 [high] — 1-4 unit wire transfer price
[18:53:52] Vision: britannia-silver/apmex
[18:53:52]   ✓ maple-gold/herobullion: $5212.58 [high] — 1-unit wire row
[18:53:52] Vision: britannia-silver/bullionexchanges
[18:53:53]   ⚠ maple-gold/jmbullion: OUT OF STOCK — Presale, ships on or around March 13th, 2026
[18:53:53] WARN:   ⚠ Vision returned price despite in_stock=false: $5299.51
[18:53:53] Vision: britannia-silver/herobullion
[18:53:54]   ✓ britannia-silver/apmex: $97.58 [high] — 1-24 quantity Check/Wire price
[18:53:54] Vision: britannia-silver/monumentmetals
[18:53:54]   ✓ britannia-silver/bullionexchanges: $125.5 [high] — 1-4 unit wire transfer price
[18:53:54] Vision: britannia-silver/sdbullion
[18:53:54]   ✓ maple-gold/sdbullion: $5244.04 [high] — 1-9 quantity, Check / Wire column
[18:53:54] Vision: krugerrand-silver/apmex
[18:53:55]   ✓ britannia-silver/herobullion: $93.26 [high] — 1-19 quantity tier, wire/check price
[18:53:55]   ✓ britannia-silver/monumentmetals: $91.26 [high] — 1-24 quantity row, Check/Wire column
[18:53:55] Vision: krugerrand-silver/bullionexchanges
[18:53:55] Vision: krugerrand-silver/herobullion
[18:53:56]   ✓ krugerrand-silver/apmex: $96.58 [high] — 1-24 quantity Check/Wire price
[18:53:56] Vision: krugerrand-silver/jmbullion
[18:53:57]   ✓ krugerrand-silver/bullionexchanges: $91.26 [high] — 1-24 unit wire transfer price
[18:53:57] Vision: krugerrand-gold/apmex
[18:53:57]   ✓ britannia-silver/sdbullion: $95.15 [high] — 1-24 quantity, Check/Wire column
[18:53:57] Vision: krugerrand-gold/bullionexchanges
[18:53:57]   ✓ krugerrand-silver/herobullion: $92.21 [high] — 1-unit wire row
[18:53:57] Vision: krugerrand-gold/herobullion
[18:53:58]   ✓ krugerrand-silver/jmbullion: $96.18 [high] — 1-24 quantity eCheck/Wire price
[18:53:58] Vision: krugerrand-gold/jmbullion
[18:53:59]   ✓ krugerrand-gold/apmex: $5289.09 [high] — 1-9 quantity Check/Wire price
[18:53:59]   ✓ krugerrand-gold/bullionexchanges: $5175.19 [high] — 1+ unit (E)check/Wire price
[18:53:59] Vision: krugerrand-gold/sdbullion
[18:53:59] Vision: generic-silver-round/apmex
[18:53:59]   ⚠ krugerrand-gold/herobullion: OUT OF STOCK — Product is marked as 'Unavailable' and has a 'Notify me' button instead of 'Add to Cart'
[18:53:59] Vision: generic-silver-round/bullionexchanges
[18:54:00]   ⚠ krugerrand-gold/jmbullion: OUT OF STOCK — Pricing table is obscured by a pop-up, making it impossible to determine the 1-unit eCheck/Wire price or stock status.
[18:54:00] Vision: generic-silver-round/herobullion
[18:54:00]   ✓ generic-silver-round/apmex: $90.58 [high] — 1-unit wire row
[18:54:00] Vision: generic-silver-round/jmbullion
[18:54:00]   ✓ krugerrand-gold/sdbullion: $5224.04 [high] — 1+ quantity, Check/Wire column
[18:54:00] Vision: generic-silver-round/sdbullion
[18:54:02]   ✓ generic-silver-round/herobullion: $90.11 [high] — 1-19 quantity tier, wire/check price
[18:54:02]   ✓ generic-silver-round/bullionexchanges: $87.5 [high] — 1-19 unit check/wire price
[18:54:02] Vision: generic-silver-bar-10oz/apmex
[18:54:02] Vision: generic-silver-bar-10oz/bullionexchanges
[18:54:02]   ✓ generic-silver-round/jmbullion: $92.18 [high] — 1-19 qty (e)Check/Wire price
[18:54:02]   ✓ generic-silver-round/sdbullion: $88.94 [high] — 1-19 quantity, Check/Wire price
[18:54:02] Vision: generic-silver-bar-10oz/herobullion
[18:54:02] Vision: generic-silver-bar-10oz/jmbullion
[18:54:03]   ✓ generic-silver-bar-10oz/bullionexchanges: $882.1 [high] — 1-4 unit wire transfer price
[18:54:03]   ✓ generic-silver-bar-10oz/jmbullion: $944.8 [high] — 1-9 quantity eCheck/Wire price
[18:54:04]   ✓ generic-silver-bar-10oz/apmex: $970.8 [high] — 1-9 unit Check/Wire row
[18:54:04]   ✓ generic-silver-bar-10oz/herobullion: $895.87 [high] — 1-unit wire row
[18:54:04] Wrote /opt/poller/data/retail/ase/2026-03-03-vision.json
[18:54:04] Wrote /opt/poller/data/retail/age/2026-03-03-vision.json
[18:54:04] WARN: [vision] ape: 2 vendor(s) failed — bullionexchanges(out_of_stock: Out Of Stock badge and Notify Me button), herobullion(out_of_stock: Unavailable text and Notify me button)
[18:54:04] Wrote /opt/poller/data/retail/ape/2026-03-03-vision.json
[18:54:04] WARN: [vision] buffalo: 1 vendor(s) failed — herobullion(out_of_stock: Presale badge, 'Pre Order' button, and 'Available to Ship On or Around Mar 16, 2026')
[18:54:04] Wrote /opt/poller/data/retail/buffalo/2026-03-03-vision.json
[18:54:04] Wrote /opt/poller/data/retail/maple-silver/2026-03-03-vision.json
[18:54:04] WARN: [vision] maple-gold: 1 vendor(s) failed — jmbullion(out_of_stock: Presale, ships on or around March 13th, 2026)
[18:54:04] Wrote /opt/poller/data/retail/maple-gold/2026-03-03-vision.json
[18:54:04] Wrote /opt/poller/data/retail/britannia-silver/2026-03-03-vision.json
[18:54:04] Wrote /opt/poller/data/retail/krugerrand-silver/2026-03-03-vision.json
[18:54:04] WARN: [vision] krugerrand-gold: 2 vendor(s) failed — herobullion(out_of_stock: Product is marked as 'Unavailable' and has a 'Notify me' button instead of 'Add to Cart'), jmbullion(out_of_stock: Pricing table is obscured by a pop-up, making it impossible to determine the 1-unit eCheck/Wire price or stock status.)
[18:54:04] Wrote /opt/poller/data/retail/krugerrand-gold/2026-03-03-vision.json
[18:54:04] Wrote /opt/poller/data/retail/generic-silver-round/2026-03-03-vision.json
[18:54:04] Wrote /opt/poller/data/retail/generic-silver-bar-10oz/2026-03-03-vision.json
[18:54:04] Done: 44/50 prices extracted, 6 failures
[18:54:04] Done.
[18:55:02] [flyio-check] Tailscale ping OK (21ms)
[18:55:03] [flyio-check] HTTP check OK — serve.js responding (https://api2.staktrakr.com/data/retail/providers.json → 200)
[19:00:02] [flyio-check] Tailscale ping OK (21ms)
[19:00:02] [flyio-check] HTTP check OK — serve.js responding (https://api2.staktrakr.com/data/retail/providers.json → 200)
[19:05:01] [flyio-check] Tailscale ping OK (14ms)
[19:05:01] [flyio-check] HTTP check OK — serve.js responding (https://api2.staktrakr.com/data/retail/providers.json → 200)
[19:10:01] [flyio-check] Tailscale ping OK (15ms)
[19:10:01] [flyio-check] HTTP check OK — serve.js responding (https://api2.staktrakr.com/data/retail/providers.json → 200)
[19:15:01] [flyio-check] Tailscale ping OK (14ms)
[19:15:01] [flyio-check] HTTP check OK — serve.js responding (https://api2.staktrakr.com/data/retail/providers.json → 200)
[19:20:01] [flyio-check] Tailscale ping OK (15ms)
[19:20:02] [flyio-check] HTTP check OK — serve.js responding (https://api2.staktrakr.com/data/retail/providers.json → 200)
[19:25:01] [flyio-check] Tailscale ping OK (16ms)
[19:25:01] [flyio-check] HTTP check OK — serve.js responding (https://api2.staktrakr.com/data/retail/providers.json → 200)
[19:30:01] Starting home retail price run for 2026-03-03
[19:30:01] Running price extraction...
[provider-db] Loaded 73 coins from Turso
[19:30:01] Proxy config: HOME_PROXY_URL=NOT SET, WEBSHARE=NOT SET, PLAYWRIGHT_LAUNCH=true
[19:30:01] Retail price extraction: 88 targets (sequential + jitter)
[19:30:02] [flyio-check] Tailscale ping OK (67ms)
[19:30:02] [flyio-check] HTTP check OK — serve.js responding (https://api2.staktrakr.com/data/retail/providers.json → 200)
[19:30:02] Scraping britannia-silver/herobullion
[19:30:14]   ✓ britannia-silver/herobullion: $93.74 (firecrawl)
[19:30:20] Scraping goldback-oklahoma-ghalf/apmex
[19:30:21]   ✓ goldback-oklahoma-ghalf/apmex: $5.07 (firecrawl)
[19:30:26] Scraping goldback-arizona-g10/apmex
[19:30:27]   ✓ goldback-arizona-g10/apmex: $101.47 (firecrawl)
[19:30:33] Scraping maple-gold/jmbullion
[19:30:43] WARN:   ? maple-gold/jmbullion [url0]: page loaded, no price — trying next URL
[19:30:43]   ↩ maple-gold/jmbullion: Firecrawl chain exhausted — trying Playwright on https://www.jmbullion.com/1-oz-canadian-gold-maple-leaf-any-year/
[19:30:44]   → Playwright attempt via direct (no proxy)
[19:31:00] WARN:   ? maple-gold/jmbullion: Playwright page loaded but no price found
[19:31:00] WARN:   ? maple-gold/jmbullion: all URLs exhausted, no price found
[19:31:04] Scraping krugerrand-gold/apmex
[19:31:05]   ✓ krugerrand-gold/apmex: $5264.49 (firecrawl)
[19:31:12] Scraping generic-silver-bar-10oz/sdbullion
[19:31:16]   ✓ generic-silver-bar-10oz/sdbullion: $940.30 (firecrawl)
[19:31:19] Scraping age/sdbullion
[19:31:28]   ✓ age/sdbullion: $5318.87 (firecrawl)
[19:31:33] Scraping goldback-oklahoma-g10/apmex
[19:31:34]   ✓ goldback-oklahoma-g10/apmex: $101.48 (firecrawl)
[19:31:41] Scraping goldback-arizona-g1/apmex
[19:31:42]   ✓ goldback-arizona-g1/apmex: $10.15 (firecrawl)
[19:31:48] Scraping maple-silver/bullionexchanges
[19:31:57]   ✓ maple-silver/bullionexchanges: $88.00 (firecrawl)
[19:32:02] Scraping goldback-oklahoma-g2/apmex
[19:32:03]   ✓ goldback-oklahoma-g2/apmex: $20.30 (firecrawl)
[19:32:07] Scraping goldback-oklahoma-g5/apmex
[19:32:09]   ✓ goldback-oklahoma-g5/apmex: $50.75 (firecrawl)
[19:32:17] Scraping generic-silver-bar-10oz/monumentmetals
[19:32:28]   ⚠ monumentmetals [url0]: out_of_stock — PRE-ORDER
[19:32:28]   ✓ generic-silver-bar-10oz/monumentmetals: $877.00 (firecrawl, OOS)
[19:32:34] Scraping krugerrand-silver/herobullion
[19:32:43]   ✓ krugerrand-silver/herobullion: $92.86 (firecrawl)
[19:32:48] Scraping goldback-arizona-g5/herobullion
[19:32:57]   ✓ goldback-arizona-g5/herobullion: $49.14 (firecrawl)
[19:33:01] Scraping maple-gold/monumentmetals
[19:33:12]   ✓ maple-gold/monumentmetals: $5180.64 (firecrawl)
[19:33:16] Scraping buffalo/apmex
[19:33:17]   ✓ buffalo/apmex: $5453.69 (firecrawl)
[19:33:19] Scraping age/herobullion
[19:33:29]   ✓ age/herobullion: $5252.79 (firecrawl)
[19:33:36] Scraping goldback-arizona-g2/herobullion
[19:33:46]   ✓ goldback-arizona-g2/herobullion: $19.66 (firecrawl)
[19:33:53] Scraping maple-silver/apmex
[19:33:54]   ✓ maple-silver/apmex: $94.56 (firecrawl)
[19:34:01] Scraping krugerrand-gold/jmbullion
[19:34:11]   ✓ krugerrand-gold/jmbullion: $5249.56 (firecrawl)
[19:34:13] Scraping buffalo/herobullion
[19:34:23]   ✓ buffalo/herobullion: $5318.04 (firecrawl)
[19:34:28] Scraping britannia-silver/apmex
[19:34:29]   ✓ britannia-silver/apmex: $96.34 (firecrawl)
[19:34:36] Scraping ape/bullionexchanges
[19:34:44]   ⚠ bullionexchanges [url0]: out_of_stock — Out Of Stock
[19:34:44]   ✓ ape/bullionexchanges: $651.37 (firecrawl, OOS)
[19:34:51] Scraping generic-silver-round/monumentmetals
[19:35:02]   ✓ generic-silver-round/monumentmetals: $87.92 (firecrawl)
[19:35:02] [flyio-check] Tailscale ping OK (67ms)
[19:35:03] [flyio-check] HTTP check OK — serve.js responding (https://api2.staktrakr.com/data/retail/providers.json → 200)
[19:35:10] Scraping goldback-arizona-g1/herobullion
[19:35:19]   ✓ goldback-arizona-g1/herobullion: $10.81 (firecrawl)
[19:35:27] Scraping buffalo/bullionexchanges
[19:35:36]   ✓ buffalo/bullionexchanges: $5341.62 (firecrawl)
[19:35:41] Scraping buffalo/sdbullion
[19:35:44]   ✓ buffalo/sdbullion: $5338.58 (firecrawl)
[19:35:46] Scraping generic-silver-bar-10oz/herobullion
[19:35:57]   ✓ generic-silver-bar-10oz/herobullion: $895.78 (firecrawl)
[19:35:59] Scraping ase/monumentmetals
[19:36:10]   ✓ ase/monumentmetals: $92.92 (firecrawl)
[19:36:13] Scraping krugerrand-gold/monumentmetals
[19:36:24]   ✓ krugerrand-gold/monumentmetals: $5183.64 (firecrawl)
[19:36:29] Scraping goldback-arizona-ghalf/apmex
[19:36:30]   ✓ goldback-arizona-ghalf/apmex: $5.07 (firecrawl)
[19:36:34] Scraping ase/jmbullion
[19:36:43]   ✓ ase/jmbullion: $99.23 (firecrawl)
[19:36:46] Scraping krugerrand-silver/sdbullion
[19:36:49]   ✓ krugerrand-silver/sdbullion: $93.71 (firecrawl)
[19:36:52] Scraping britannia-silver/bullionexchanges
[19:37:00]   ✓ britannia-silver/bullionexchanges: $123.93 (firecrawl)
[19:37:04] Scraping goldback-arizona-g25/apmex
[19:37:05]   ✓ goldback-arizona-g25/apmex: $253.42 (firecrawl)
[19:37:10] Scraping ase/apmex
[19:37:11]   ✓ ase/apmex: $100.13 (firecrawl)
[19:37:19] Scraping generic-silver-bar-10oz/apmex
[19:37:20]   ✓ generic-silver-bar-10oz/apmex: $956.30 (firecrawl)
